make --dry-run --always-make --keep-going --print-directory
make: Entering directory `/Users/nsimon/Documents/42-projects/ft_containers'
mkdir -p obj//builtins 2> /dev/null || true
echo "\033[A\033[K\033[A"
echo "ft_containers\t[\033[0;36m⏳ \033[0m]"
clang++ -Wall -Werror -Wextra -std=c++98 -I containers/ -o obj/main.o -c tests/main.cpp
echo "\033[A\033[K\033[A"
mkdir -p obj//builtins 2> /dev/null || true
echo "\033[A\033[K\033[A"
echo "ft_containers\t[\033[0;36m⏳ \033[0m]"
clang++ -Wall -Werror -Wextra -std=c++98 -I containers/ -o obj/test_iterator.o -c tests/test_iterator.cpp
echo "\033[A\033[K\033[A"
mkdir -p obj//builtins 2> /dev/null || true
echo "\033[A\033[K\033[A"
echo "ft_containers\t[\033[0;36m⏳ \033[0m]"
clang++ -Wall -Werror -Wextra -std=c++98 -I containers/ -o obj/test_vector.o -c tests/test_vector.cpp
echo "\033[A\033[K\033[A"
mkdir -p obj//builtins 2> /dev/null || true
echo "\033[A\033[K\033[A"
echo "ft_containers\t[\033[0;36m⏳ \033[0m]"
clang++ -Wall -Werror -Wextra -std=c++98 -I containers/ -o obj/test_reverse_iterator.o -c tests/test_reverse_iterator.cpp
echo "\033[A\033[K\033[A"
clang++ -Wall -Werror -Wextra -std=c++98 obj/main.o obj/test_iterator.o obj/test_vector.o obj/test_reverse_iterator.o  -o ft_containers
echo "\033[A\033[K\033[A"
echo "\033[A\033[K\033[A"
echo "ft_containers\t[\033[0;32m✅ \033[0m]"
echo "\033[0;32mAll done, compilation successful! 👌 \033[0m"
make: Leaving directory `/Users/nsimon/Documents/42-projects/ft_containers'
 
