make all --print-data-base --no-builtin-variables --no-builtin-rules --question
# GNU Make 4.2.1
# Built for x86_64-pc-linux-gnu
# Copyright (C) 1988-2016 Free Software Foundation, Inc.
# License GPLv3+: GNU GPL version 3 or later <http://gnu.org/licenses/gpl.html>
# This is free software: you are free to change and redistribute it.
# There is NO WARRANTY, to the extent permitted by law.

# Make data base, printed on Sat Nov 13 20:05:30 2021

# Variables

# automatic
<D = $(patsubst %/,%,$(dir $<))
# automatic
?F = $(notdir $?)
# environment
DESKTOP_SESSION = ubuntu
# default
.SHELLFLAGS := -c
# environment
XDG_SESSION_CLASS = user
# makefile (from 'Makefile', line 60)
ERROR_COLOR = \033[0;31m
# makefile (from 'Makefile', line 49)
OBJ_MAIN = $(addprefix objs/, ${MAIN:$(FILE_EXTENSION)=.o})
# environment
XDG_SESSION_TYPE = x11
# environment
VSCODE_LOG_NATIVE = false
# automatic
?D = $(patsubst %/,%,$(dir $?))
# automatic
@D = $(patsubst %/,%,$(dir $@))
# environment
XAUTHORITY = /mnt/nfs/homes/nsimon/.Xauthority
# environment
GDMSESSION = ubuntu
# environment
XMODIFIERS = @im=ibus
# makefile
CURDIR := /mnt/nfs/homes/nsimon/Documents/ft_containers
# makefile (from 'Makefile', line 45)
SHELL := /bin/bash
# environment
GDM_LANG = en
# environment
VSCODE_NLS_CONFIG = {"locale":"en-us","availableLanguages":{},"_languagePackSupport":true}
# environment
_ = /usr/share/code/code
# makefile (from 'Makefile', line 61)
WARN_COLOR = \033[0;33m
# makefile (from 'Makefile', line 20)
CFLAGS = -Wall -Wextra -Werror -std=c++98 -g
# environment
JOURNAL_STREAM = 9:2076488
# environment
XDG_CONFIG_DIRS = /etc/xdg/xdg-ubuntu:/etc/xdg
# makefile (from 'objs/main.d', line 1)
MAKEFILE_LIST :=  Makefile objs/test_iterator.d objs/test_vector.d objs/test_reverse_iterator.d objs/test_utility.d objs/main.d
# automatic
@F = $(notdir $@)
# environment
GIO_LAUNCHED_DESKTOP_FILE = /usr/share/applications/code.desktop
# 'override' directive
GNUMAKEFLAGS := 
# makefile (from 'Makefile', line 21)
DFLAGS = -MMD -MF $(@:.o=.d)
# environment
MANDATORY_PATH = /usr/share/gconf/ubuntu.mandatory.path
# environment
XDG_DATA_DIRS = /usr/share/gnome:/usr/share/ubuntu:/mnt/nfs/homes/nsimon/.local/share/flatpak/exports/share:/var/lib/flatpak/exports/share:/usr/local/share:/usr/share:/var/lib/snapd/desktop
# environment
DBUS_SESSION_BUS_ADDRESS = unix:path=/run/user/36806/bus
# environment
VSCODE_VERBOSE_LOGGING = true
# makefile (from 'Makefile', line 25)
NOVISU = 0 
# makefile (from 'Makefile', line 64)
COM_STRING = "compiling"
# makefile (from 'Makefile', line 48)
OBJS = $(addprefix objs/, ${SRCS:$(FILE_EXTENSION)=.o})
# environment
INFOPATH = /sgoinfre/goinfre/Perso/nsimon/private/.linuxbrew/share/info:/mnt/nfs/homes/nsimon/.linuxbrew/share/info:/sgoinfre/goinfre/Perso/nsimon/private/.linuxbrew/share/info:/mnt/nfs/homes/nsimon/.linuxbrew/share/info:/sgoinfre/goinfre/Perso/nsimon/private/.linuxbrew/share/info:
# environment
MANAGERPID = 364825
# environment
VSCODE_IPC_HOOK_EXTHOST = /run/user/36806/vscode-ipc-938ebbb0-d967-45ab-bf6f-3270f67d67a2.sock
# environment
VSCODE_CWD = /mnt/nfs/homes/nsimon
# environment
XDG_SESSION_PATH = /org/freedesktop/DisplayManager/Session4
# environment
KRB5CCNAME = FILE:/tmp/krb5cc_36806_39EYIq
# default
MAKE_HOST := x86_64-pc-linux-gnu
# environment
PATH = /sgoinfre/goinfre/Perso/nsimon/private/.linuxbrew/bin:/sgoinfre/goinfre/Perso/nsimon/private/.linuxbrew/sbin:/mnt/nfs/homes/nsimon/.asdf/shims:/mnt/nfs/homes/nsimon/.asdf/bin:/mnt/nfs/homes/nsimon/.linuxbrew/bin:/mnt/nfs/homes/nsimon/.linuxbrew/sbin:/sgoinfre/goinfre/Perso/nsimon/private/.linuxbrew/bin:/sgoinfre/goinfre/Perso/nsimon/private/.linuxbrew/sbin:/mnt/nfs/homes/nsimon/.linuxbrew/bin:/mnt/nfs/homes/nsimon/.linuxbrew/sbin:/sgoinfre/goinfre/Perso/nsimon/private/.linuxbrew/bin:/sgoinfre/goinfre/Perso/nsimon/private/.linuxbrew/sbin:/mnt/nfs/homes/nsimon/bin:/usr/local/sbin:/usr/local/bin:/usr/sbin:/usr/bin:/sbin:/bin:/usr/games:/usr/local/games:/snap/bin:/mnt/nfs/homes/nsimon/.local/bin
# makefile (from 'Makefile', line 90)
HASH := 7f27080
# environment
GPG_AGENT_INFO = /run/user/36806/gnupg/S.gpg-agent:0:1
# environment
LSCOLORS = Gxfxcxdxbxegedabagacad
# makefile (from 'Makefile', line 93)
run_and_test = printf "%b%-46b" "$(COM_COLOR)$(COM_STRING) " "$(OBJ_COLOR)$(@F)$(NO_COLOR)"; $(RUN_CMD); if [ $$RESULT -ne 0 ]; then printf "%b\n" "$(ERROR_COLOR)[✖]$(NO_COLOR)"; rm -rf .files_changed; elif [ -s $@.log ]; then printf "%b\n" "$(WARN_COLOR)[⚠]$(NO_COLOR)"; else printf "%b\n" "$(OK_COLOR)[✓]$(NO_COLOR)"; fi; cat $@.log; rm -f $@.log; exit $$RESULT
# environment
SESSION_MANAGER = local/e2r2p6.clusters.42paris.fr:@/tmp/.ICE-unix/365115,unix/e2r2p6.clusters.42paris.fr:/tmp/.ICE-unix/365115
# environment
XDG_RUNTIME_DIR = /run/user/36806
# makefile (from 'Makefile', line 78)
RUN_CMD = script -q -e -c "$(1)" $@.log > /dev/null; RESULT=$$?; sed -i '1d' $@.log; sed -i "$$(($$(wc -l < $@.log)-1)),\$$d" $@.log
# environment
SPACESHIP_VERSION = 3.16.1
# environment
BREAKPAD_DUMP_LOCATION = /mnt/nfs/homes/nsimon/.config/Code/exthost Crash Reports
# environment
XDG_MENU_PREFIX = gnome-
# environment
VSCODE_LOG_STACK = false
# environment
VSCODE_CRASH_REPORTER_START_OPTIONS = {"companyName":"Microsoft","productName":"VSCode","submitURL":"appcenter://code?aid=fba07a4d-84bd-4fc8-a125-9640fc8ce171&uid=7367f96f-21e7-48da-97a9-d063b9b251ae&iid=7367f96f-21e7-48da-97a9-d063b9b251ae&sid=7367f96f-21e7-48da-97a9-d063b9b251ae","uploadToServer":true}
# environment
INVOCATION_ID = 90cdcada335742f490aae7fd9e8c0438
# default
.FEATURES := target-specific order-only second-expansion else-if shortest-stem undefine oneshell archives jobserver output-sync check-symlink load
# makefile (from 'Makefile', line 59)
OK_COLOR = \033[0;32m
# environment
XDG_GREETER_DATA_DIR = /var/lib/lightdm-data/nsimon
# environment
LS_COLORS = 
# environment
XDG_SESSION_DESKTOP = ubuntu
# environment
SSH_AUTH_SOCK = /run/user/36806/keyring/ssh
# environment
GIO_LAUNCHED_DESKTOP_FILE_PID = 365788
# automatic
%F = $(notdir $%)
# environment
DISPLAY = :0
# environment
VSCODE_PIPE_LOGGING = true
# makefile (from 'Makefile', line 109)
save_files_changed = 	FILE_CPP=`echo $(SRCS) $(MAIN)`; FILE_OBJ=`find objs -type f -name '*.o' 2>/dev/null | sed 's/objs\///'`; TO_COMPILE=`echo $$FILE_CPP | wc -w`; for FILE in $$FILE_CPP; do for OBJ in $$FILE_OBJ; do if [ $${FILE%$(FILE_EXTENSION)} = $${OBJ%.o} ]; then if [ $(SRCS_PATH)/$$FILE -ot objs/$$OBJ ]; then FILE_DEP=`echo objs/$$OBJ | sed 's/\.o/\.d/'`; HEAD_FILES=`< $$FILE_DEP xargs | grep -oh "\w*.h\w*"`; RECOMPILE=0; for HEAD in $$HEAD_FILES; do if [ $(SRCS_PATH)/$$HEAD -nt objs/$$OBJ ]; then RECOMPILE=1; break; fi; done; if [ $$RECOMPILE -eq 0 ]; then ((TO_COMPILE=$$TO_COMPILE-1)); fi; fi; fi; done; done; echo 0/$$TO_COMPILE > .files_changed
# environment
PWD = /mnt/nfs/homes/nsimon/Documents/ft_containers
# default
.LOADED := 
# environment
SSH_AGENT_PID = 365079
# environment
ORIGINAL_XDG_CURRENT_DESKTOP = ubuntu:GNOME
# environment
GTK_MODULES = gail:atk-bridge
# environment
MANPATH = /sgoinfre/goinfre/Perso/nsimon/private/.linuxbrew/share/man:/mnt/nfs/homes/nsimon/.linuxbrew/share/man:/sgoinfre/goinfre/Perso/nsimon/private/.linuxbrew/share/man:/mnt/nfs/homes/nsimon/.linuxbrew/share/man:/sgoinfre/goinfre/Perso/nsimon/private/.linuxbrew/share/man::::::
# environment
VSCODE_AMD_ENTRYPOINT = vs/workbench/services/extensions/node/extensionHostProcess
# environment
HOME = /mnt/nfs/homes/nsimon
# environment
HOMEBREW_CELLAR = /sgoinfre/goinfre/Perso/nsimon/private/.linuxbrew/Cellar
# environment
VSCODE_CODE_CACHE_PATH = /mnt/nfs/homes/nsimon/.config/Code/CachedData/b3318bc0524af3d74034b8bb8a64df0ccf35549a
# environment
LOGNAME = nsimon
# environment
APPLICATION_INSIGHTS_NO_DIAGNOSTIC_CHANNEL = true
# makefile (from 'Makefile', line 71)
detected_OS := Linux
# environment
ZSH = /mnt/nfs/homes/nsimon/.oh-my-zsh
# environment
VSCODE_HANDLES_UNCAUGHT_ERRORS = true
# environment
GNOME_DESKTOP_SESSION_ID = this-is-deprecated
# automatic
^D = $(patsubst %/,%,$(dir $^))
# makefile (from 'Makefile', line 51)
DEPS_MAIN = $(addprefix objs/, ${MAIN:$(FILE_EXTENSION)=.d})
# makefile (from 'Makefile', line 57)
COM_COLOR = \033[0;34m
# environment
MAKELEVEL := 0
# makefile (from 'Makefile', line 58)
OBJ_COLOR = \033[0;36m
# default
MAKE = $(MAKE_COMMAND)
# default
MAKECMDGOALS := all
# environment
QT_IM_MODULE = ibus
# makefile (from 'Makefile', line 37)
SRCS = test_iterator.cpp test_vector.cpp test_reverse_iterator.cpp test_utility.cpp
# environment
SHLVL = 0
# makefile (from 'Makefile', line 19)
CC = clang++
# environment
IM_CONFIG_PHASE = 1
# default
MAKE_VERSION := 4.2.1
# environment
USER = nsimon
# makefile
.DEFAULT_GOAL := all
# environment
XDG_CURRENT_DESKTOP = Unity
# makefile (from 'Makefile', line 18)
NAME = ft_containers
# environment
LESS = -R
# automatic
%D = $(patsubst %/,%,$(dir $%))
# default
MAKE_COMMAND := make
# environment
OLDPWD = /mnt/nfs/homes/nsimon
# default
.VARIABLES := 
# automatic
*F = $(notdir $*)
# environment
LANGUAGE = en
# environment
XDG_SEAT_PATH = /org/freedesktop/DisplayManager/Seat0
# environment
VSCODE_IPC_HOOK = /run/user/36806/vscode-accc0ead-1.62.0-main.sock
# makefile
MAKEFLAGS = pqrR
# environment
MFLAGS = -pqrR
# automatic
*D = $(patsubst %/,%,$(dir $*))
# environment
MAIL = nsimon@student.42.fr
# makefile (from 'Makefile', line 39)
MAIN = main.cpp
# environment
HOMEBREW_SHELLENV_PREFIX = /sgoinfre/goinfre/Perso/nsimon/private/.linuxbrew
# environment
HOMEBREW_PREFIX = /sgoinfre/goinfre/Perso/nsimon/private/.linuxbrew
# automatic
+D = $(patsubst %/,%,$(dir $+))
# environment
GDK_BACKEND = x11
# makefile (from 'Makefile', line 88)
AUTHOR := Nicolas SIMON
# makefile (from 'Makefile', line 162)
display_progress_bar = 	if [ $(NOVISU) -eq 0 ]; then line=`bash -c 'oldstty=$$(stty -g); stty raw -echo min 0; tput u7 > /dev/tty; IFS=";" read -r -d R -a pos; stty $$oldstty; row=$$(($${pos[0]:2} - 1)); echo $$row'`; max_line=`tput lines`; ((max_line=$$max_line-2)); new_line=0; tput sc; i=0; while [ $$i -lt 60 ]; do printf " "; ((i=$$i+1)); done; tput rc; if [ $$line -gt $$max_line ]; then new_line=1; echo ; else ((line=$$line+1)); fi; tput sc; tput cup $$line; $(draw_bar) if [ $$new_line -eq 1 ]; then ((line=$$line-1)); tput cup $$line; else tput rc; fi; fi
# automatic
+F = $(notdir $+)
# makefile (from 'Makefile', line 35)
INCLUDE_PATH = ./containers
# environment
HOMEBREW_REPOSITORY = /sgoinfre/goinfre/Perso/nsimon/private/.linuxbrew/Homebrew
# environment
QT_ACCESSIBILITY = 1
# makefile (from 'Makefile', line 31)
FILE_EXTENSION = .cpp
# environment
DEFAULTS_PATH = /usr/share/gconf/ubuntu.default.path
# makefile (from 'Makefile', line 136)
draw_bar = 	FILE_TOTAL=`bash -c 'cat .files_changed | cut -d"/" -f2'`; FILE_DONE=`bash -c 'cat .files_changed | cut -d"/" -f1'`; if [ $$FILE_TOTAL -eq 0 ]; then FILE_TOTAL=1; FILE_DONE=1; fi; RES=`echo "scale=2; $$FILE_DONE/$$FILE_TOTAL*48" | bc`; RES=`echo $${RES%%.*}`; printf "$(OBJ_COLOR)[$(NO_COLOR)"; i=0; while [ $$i -lt 48 ]; do if [ $$i -lt $$RES ]; then printf "$(OK_COLOR)█$(NO_COLOR)"; else printf "$(COM_COLOR)▒$(NO_COLOR)"; fi; ((i=$$i+1)); done; printf "$(OBJ_COLOR)]$(NO_COLOR)"; printf " ($(COM_COLOR)$$FILE_DONE$(NO_COLOR)/$(COM_COLOR)$$FILE_TOTAL$(NO_COLOR))"; printf " "; ((FILE_DONE=$$FILE_DONE+1)); echo $$FILE_DONE/$$FILE_TOTAL > .files_changed;
# 'override' directive
.SHELLSTATUS := 0
# default
MAKEFILES := 
# automatic
<F = $(notdir $<)
# makefile (from 'Makefile', line 33)
SRCS_PATH = ./tests
# environment
ELECTRON_RUN_AS_NODE = 1
# makefile (from 'Makefile', line 89)
 
DATE := 2021/11/13 16:11:40
# environment
EDITOR = vim
# environment
PAGER = less
# environment
LC_ALL = C
# environment
GJS_DEBUG_TOPICS = JS ERROR;JS LOG
# environment
SPACESHIP_ROOT = /mnt/nfs/homes/nsimon/.oh-my-zsh/custom/themes/spaceship-prompt
# automatic
^F = $(notdir $^)
# makefile (from 'Makefile', line 50)
DEPS = $(addprefix objs/, ${SRCS:$(FILE_EXTENSION)=.d})
# default
SUFFIXES := 
# environment
ASDF_DIR = /mnt/nfs/homes/nsimon/.asdf
# environment
CHROME_DESKTOP = code-url-handler.desktop
# default
.INCLUDE_DIRS = /usr/include /usr/local/include /usr/include
# environment
GJS_DEBUG_OUTPUT = stderr
# default
.RECIPEPREFIX := 
# environment
LANG = C
# environment
DOCKER_HOST = unix:///run/user/36806/docker.sock
# environment
VSCODE_PID = 365788
# makefile (from 'Makefile', line 62)
NO_COLOR = \033[m
# variable set hash-table stats:
# Load=150/1024=15%, Rehash=0, Collisions=44/248=18%

# Pattern-specific Variable Values

# No pattern-specific variable values.

# Directories

# . (device 58, inode 166405489): 12 files, no impossibilities.
# tests (device 58, inode 168985903): No files, no impossibilities so far.

# 12 files, no impossibilities in 2 directories.

# Implicit Rules

objs/%.o: tests/%.cpp
#  recipe to execute (from 'Makefile', line 230):
			@mkdir -p $(dir $@)
			@$(call display_progress_bar)
			@$(call run_and_test,$(CC) $(CFLAGS) $(DFLAGS) -c $< -o $@ -I$(INCLUDE_PATH))

# 1 implicit rules, 0 (0.0%) terminal.

# Files

setup:
#  Implicit rule search has not been done.
#  Modification time never checked.
#  File has not been updated.
#  recipe to execute (from 'Makefile', line 227):
	@$(call save_files_changed)

# Not a target:
tests/test_iterator.cpp:
#  Implicit rule search has not been done.
#  Modification time never checked.
#  File has not been updated.

objs/main.o: tests/main.cpp tests/tests.hpp tests/color.hpp containers/type_traits.hpp containers/algorithm.hpp containers/iterator.hpp containers/utility.hpp containers/vector.hpp containers/binary_search_tree.hpp containers/binary_search_tree_iterator.hpp containers/map.hpp
#  Implicit rule search has not been done.
#  Modification time never checked.
#  File has not been updated.

all: header setup ft_containers
#  Phony target (prerequisite of .PHONY).
#  Command line target.
#  Implicit rule search has not been done.
#  File does not exist.
#  File has been updated.
#  Needs to be updated (-q is set).
# variable set hash-table stats:
# Load=0/32=0%, Rehash=0, Collisions=0/20=0%
#  recipe to execute (from 'Makefile', line 198):
	@rm -rf .files_changed

# Not a target:
tests/test_vector.cpp:
#  Implicit rule search has not been done.
#  Modification time never checked.
#  File has not been updated.

# Not a target:
objs/test_reverse_iterator.d:
#  Implicit rule search has been done.
#  Last modified 2021-11-13 14:40:18.2691293
#  File has been updated.
#  Successfully updated.

# Not a target:
tests/test_utility.cpp:
#  Implicit rule search has not been done.
#  Modification time never checked.
#  File has not been updated.

header:
#  Phony target (prerequisite of .PHONY).
#  Implicit rule search has not been done.
#  Implicit/static pattern stem: ''
#  File does not exist.
#  File has been updated.
#  Needs to be updated (-q is set).
# automatic
# @ := header
# automatic
# % := 
# automatic
# * := 
# automatic
# + := 
# automatic
# | := 
# automatic
# < := 
# automatic
# ^ := 
# automatic
# ? := 
# variable set hash-table stats:
# Load=8/32=25%, Rehash=0, Collisions=3/28=11%
#  recipe to execute (from 'Makefile', line 201):
	@printf "%b" "$(OK_COLOR)"
	@echo "        ___  _____ ___  ___      _        "
	@echo "       /   |/ __  \|  \/  |     | |       "
	@echo "      / /| |\`' / /'| .  . | __ _| | _____ "
	@echo "     / /_| |  / /  | |\/| |/ _\` | |/ / _ \\"
	@echo "     \___  |./ /___| |  | | (_| |   <  __/"
	@echo "         |_/\_____/\_|  |_/\__,_|_|\_\___| v2"
	@echo
	@printf "%b" "$(OBJ_COLOR)Name:	$(WARN_COLOR)$(NAME)@$(HASH)\n"
	@printf "%b" "$(OBJ_COLOR)Author:	$(WARN_COLOR)$(AUTHOR)\n"
	@printf "%b" "$(OBJ_COLOR)Date: 	$(WARN_COLOR)$(DATE)\n\033[m"
	@printf "%b" "$(OBJ_COLOR)CC: 	$(WARN_COLOR)$(CC)\n\033[m"
	@printf "%b" "$(OBJ_COLOR)Flags: 	$(WARN_COLOR)$(CFLAGS)\n\033[m"
	@echo

# Not a target:
.SUFFIXES:
#  Implicit rule search has not been done.
#  Modification time never checked.
#  File has not been updated.

# Not a target:
Makefile:
#  Implicit rule search has been done.
#  Last modified 2021-11-12 14:54:38.810629509
#  File has been updated.
#  Successfully updated.

# Not a target:
containers/map.hpp:
#  Implicit rule search has not been done.
#  Modification time never checked.
#  File has not been updated.

# Not a target:
containers/binary_search_tree_iterator.hpp:
#  Implicit rule search has not been done.
#  Modification time never checked.
#  File has not been updated.

# Not a target:
containers/iterator.hpp:
#  Implicit rule search has not been done.
#  Modification time never checked.
#  File has not been updated.

# Not a target:
objs/test_iterator.d:
#  Implicit rule search has been done.
#  Last modified 2021-11-13 14:40:17.23712351
#  File has been updated.
#  Successfully updated.

compare:
#  Phony target (prerequisite of .PHONY).
#  Implicit rule search has not been done.
#  File does not exist.
#  File has not been updated.
#  recipe to execute (from 'Makefile', line 245):
			@sed -i '' 's/#define FT false/#define FT true/g' tests/tests.hpp
			@make re
			@./$(NAME) > ft.txt
			@sed -i '' 's/#define FT true/#define FT false/g' tests/tests.hpp
			@echo ""
			@make re
			@echo ""
			@echo ""
			@./$(NAME) > std.txt
			@sed -i '' 's/#define FT false/#define FT true/g' tests/tests.hpp
			@$(eval COM_STRING = "result")
			@$(call run_and_test,diff ft.txt std.txt)
			@rm ft.txt std.txt

# Not a target:
containers/vector.hpp:
#  Implicit rule search has not been done.
#  Modification time never checked.
#  File has not been updated.

# Not a target:
objs/test_vector.d:
#  Implicit rule search has been done.
#  Last modified 2021-11-13 14:40:17.817126764
#  File has been updated.
#  Successfully updated.

.PHONY: all clean fclean re header compare
#  Implicit rule search has not been done.
#  Modification time never checked.
#  File has not been updated.

objs/test_reverse_iterator.o: tests/test_reverse_iterator.cpp tests/tests.hpp tests/color.hpp containers/type_traits.hpp containers/algorithm.hpp containers/iterator.hpp containers/utility.hpp containers/vector.hpp containers/binary_search_tree.hpp containers/binary_search_tree_iterator.hpp containers/map.hpp
#  Implicit rule search has not been done.
#  Modification time never checked.
#  File has not been updated.

# Not a target:
objs/test_utility.d:
#  Implicit rule search has been done.
#  Last modified 2021-11-13 14:40:18.693131679
#  File has been updated.
#  Successfully updated.

fclean: header clean
#  Phony target (prerequisite of .PHONY).
#  Implicit rule search has not been done.
#  File does not exist.
#  File has not been updated.
#  recipe to execute (from 'Makefile', line 239):
			@rm -rf $(NAME)
			@printf "%-53b%b" "$(COM_COLOR)fclean:" "$(OK_COLOR)[✓]$(NO_COLOR)\n"

# Not a target:
tests/main.cpp:
#  Implicit rule search has not been done.
#  Modification time never checked.
#  File has not been updated.

# Not a target:
containers/type_traits.hpp:
#  Implicit rule search has not been done.
#  Modification time never checked.
#  File has not been updated.

# Not a target:
.DEFAULT:
#  Implicit rule search has not been done.
#  Modification time never checked.
#  File has not been updated.

ft_containers: objs/test_iterator.o objs/test_vector.o objs/test_reverse_iterator.o objs/test_utility.o objs/main.o
#  Implicit rule search has not been done.
#  Modification time never checked.
#  File has not been updated.
#  recipe to execute (from 'Makefile', line 223):
			@$(call display_progress_bar)
			@$(call run_and_test,$(CC) $(CFLAGS) $(DFLAGS) -I$(INCLUDE_PATH) -o $@ ${OBJS} ${OBJ_MAIN})

objs/test_iterator.o: tests/test_iterator.cpp tests/tests.hpp tests/color.hpp containers/type_traits.hpp containers/algorithm.hpp containers/iterator.hpp containers/utility.hpp containers/vector.hpp containers/binary_search_tree.hpp containers/binary_search_tree_iterator.hpp containers/map.hpp
#  Implicit rule search has not been done.
#  Modification time never checked.
 
#  File has not been updated.

# Not a target:
containers/algorithm.hpp:
#  Implicit rule search has not been done.
#  Modification time never checked.
#  File has not been updated.

re: fclean all
#  Phony target (prerequisite of .PHONY).
#  Implicit rule search has not been done.
#  File does not exist.
#  File has not been updated.

clean: header
#  Phony target (prerequisite of .PHONY).
#  Implicit rule search has not been done.
#  File does not exist.
#  File has not been updated.
#  recipe to execute (from 'Makefile', line 235):
			@rm -rf objs objs_tests
			@printf "%-53b%b" "$(COM_COLOR)clean:" "$(OK_COLOR)[✓]$(NO_COLOR)\n"

objs/test_vector.o: tests/test_vector.cpp tests/tests.hpp tests/color.hpp containers/type_traits.hpp containers/algorithm.hpp containers/iterator.hpp containers/utility.hpp containers/vector.hpp containers/binary_search_tree.hpp containers/binary_search_tree_iterator.hpp containers/map.hpp
#  Implicit rule search has not been done.
#  Modification time never checked.
#  File has not been updated.

# Not a target:
tests/color.hpp:
#  Implicit rule search has not been done.
#  Modification time never checked.
#  File has not been updated.

objs/test_utility.o: tests/test_utility.cpp tests/tests.hpp tests/color.hpp containers/type_traits.hpp containers/algorithm.hpp containers/iterator.hpp containers/utility.hpp containers/vector.hpp containers/binary_search_tree.hpp containers/binary_search_tree_iterator.hpp containers/map.hpp
#  Implicit rule search has not been done.
#  Modification time never checked.
#  File has not been updated.

# Not a target:
tests/tests.hpp:
#  Implicit rule search has not been done.
#  Modification time never checked.
#  File has not been updated.

# Not a target:
objs/main.d:
#  Implicit rule search has been done.
#  Last modified 2021-11-13 14:40:19.149134237
#  File has been updated.
#  Successfully updated.

# Not a target:
tests/test_reverse_iterator.cpp:
#  Implicit rule search has not been done.
#  Modification time never checked.
#  File has not been updated.

# Not a target:
containers/utility.hpp:
#  Implicit rule search has not been done.
#  Modification time never checked.
#  File has not been updated.

# Not a target:
containers/binary_search_tree.hpp:
#  Implicit rule search has not been done.
#  Modification time never checked.
#  File has not been updated.

# files hash-table stats:
# Load=37/1024=4%, Rehash=0, Collisions=8/131=6%
# VPATH Search Paths

# No 'vpath' search paths.

# No general ('VPATH' variable) search path.

# strcache buffers: 1 (0) / strings = 51 / storage = 788 B / avg = 15 B
# current buf: size = 8162 B / used = 788 B / count = 51 / avg = 15 B

# strcache performance: lookups = 137 / hit rate = 62%
# hash-table stats:
# Load=51/8192=1%, Rehash=0, Collisions=3/137=2%
# Finished Make data base on Sat Nov 13 20:05:30 2021

 
